<?xml version="1.0" encoding="UTF-8"?>
<!-- Generated by org.testng.reporters.JUnitReportReporter -->
<testsuite hostname="vinhnnb" failures="0" tests="3" name="user.User_01_Register_Login" time="41.275" errors="0" timestamp="06 Dec 2021 03:55:58 GMT" skipped="0">
  <testcase classname="user.User_01_Register_Login" name="TC_01_Register_With_Valid_User_Name_Password" time="20.200"/>
  <testcase classname="user.User_01_Register_Login" name="TC_03_Login_With_Valid_User_Name_Password" time="4.447"/>
  <testcase classname="user.User_01_Register_Login" name="TC_02_Logout" time="16.628"/>
</testsuite> <!-- user.User_01_Register_Login -->
