<?xml version="1.0" encoding="UTF-8"?>
<!-- Generated by org.testng.reporters.JUnitReportReporter -->
<testsuite hostname="vinhnnb" failures="0" tests="3" name="user.User_01_Register_Login" time="44.368" errors="0" timestamp="06 Dec 2021 02:51:00 GMT" skipped="0">
  <testcase classname="user.User_01_Register_Login" name="TC_02_Logout" time="16.517"/>
  <testcase classname="user.User_01_Register_Login" name="TC_01_Register_With_Valid_User_Name_Password" time="24.211"/>
  <testcase classname="user.User_01_Register_Login" name="TC_03_Login_With_Valid_User_Name_Password" time="3.640"/>
</testsuite> <!-- user.User_01_Register_Login -->
